[debug] [2023-10-23T08:58:54.113Z] ----------------------------------------------------------------------
[debug] [2023-10-23T08:58:54.114Z] Command:       /usr/local/bin/node /usr/bin/firebase deploy
[debug] [2023-10-23T08:58:54.115Z] CLI Version:   11.25.2
[debug] [2023-10-23T08:58:54.115Z] Platform:      linux
[debug] [2023-10-23T08:58:54.115Z] Node Version:  v19.8.1
[debug] [2023-10-23T08:58:54.115Z] Time:          Mon Oct 23 2023 14:28:54 GMT+0530 (India Standard Time)
[debug] [2023-10-23T08:58:54.115Z] ----------------------------------------------------------------------
[debug] 
[debug] [2023-10-23T08:58:54.173Z] > command requires scopes: ["email","openid","https://www.googleapis.com/auth/cloudplatformprojects.readonly","https://www.googleapis.com/auth/firebase","https://www.googleapis.com/auth/cloud-platform"]
[debug] [2023-10-23T08:58:54.173Z] > authorizing via signed-in user (krishnanagare24.8.2003@gmail.com)
[debug] [2023-10-23T08:58:54.173Z] [iam] checking project e-ticketconnect for permissions ["firebase.projects.get","firebasehosting.sites.update"]
[debug] [2023-10-23T08:58:54.174Z] > refreshing access token with scopes: []
[debug] [2023-10-23T08:58:54.176Z] >>> [apiv2][query] POST https://www.googleapis.com/oauth2/v3/token [none]
[debug] [2023-10-23T08:58:54.176Z] >>> [apiv2][body] POST https://www.googleapis.com/oauth2/v3/token [omitted]
[debug] [2023-10-23T08:58:54.238Z] [iam] error while checking permissions, command may fail: FirebaseError: Authentication Error: Your credentials are no longer valid. Please run firebase login --reauth

For CI servers and headless environments, generate a new token with firebase login:ci
[debug] [2023-10-23T08:58:54.238Z] > refreshing access token with scopes: []
[debug] [2023-10-23T08:58:54.239Z] >>> [apiv2][query] POST https://www.googleapis.com/oauth2/v3/token [none]
[debug] [2023-10-23T08:58:54.239Z] >>> [apiv2][body] POST https://www.googleapis.com/oauth2/v3/token [omitted]
[debug] [2023-10-23T08:58:54.258Z] Authentication Error: Your credentials are no longer valid. Please run firebase login --reauth

For CI servers and headless environments, generate a new token with firebase login:ci
[debug] [2023-10-23T08:58:54.276Z] FirebaseError: Authentication Error: Your credentials are no longer valid. Please run firebase login --reauth

For CI servers and headless environments, generate a new token with firebase login:ci
    at invalidCredentialError (/usr/lib/node_modules/firebase-tools/lib/auth.js:144:12)
    at refreshTokens (/usr/lib/node_modules/firebase-tools/lib/auth.js:508:15)
    at process.processTicksAndRejections (node:internal/process/task_queues:95:5)
    at async Client.getAccessToken (/usr/lib/node_modules/firebase-tools/lib/apiv2.js:149:23)
    at async Client.addAuthHeader (/usr/lib/node_modules/firebase-tools/lib/apiv2.js:140:21)
    at async Client.request (/usr/lib/node_modules/firebase-tools/lib/apiv2.js:96:34)
    at async getFirebaseProject (/usr/lib/node_modules/firebase-tools/lib/management/projects.js:295:21)
    at async getDefaultHostingSite (/usr/lib/node_modules/firebase-tools/lib/getDefaultHostingSite.js:10:21)
    at async requireHostingSite (/usr/lib/node_modules/firebase-tools/lib/requireHostingSite.js:9:18)
    at async Object.fn (/usr/lib/node_modules/firebase-tools/lib/commands/deploy.js:74:9)
    at async /usr/lib/node_modules/firebase-tools/lib/command.js:214:17
[error] 
[error] Error: Failed to get Firebase project e-ticketconnect. Please make sure the project exists and your account has permission to access it.
